[2018-03-12 07:48:59] production.ERROR: Symfony\Component\Debug\Exception\FatalErrorException: Illegal offset type in /Users/mkkn/work/chatbox.lab/twibot/modules/laravel-swagger/tests/Examples/PetsAction.php:57
Stack trace:
#0 /Users/mkkn/work/chatbox.lab/twibot/modules/laravel-swagger/vendor/laravel/lumen-framework/src/Concerns/RegistersExceptionHandlers.php(54): Laravel\Lumen\Application->handleShutdown()
#1 [internal function]: Laravel\Lumen\Application->Laravel\Lumen\Concerns\{closure}()
#2 {main} {"exception":"[object] (Symfony\\Component\\Debug\\Exception\\FatalErrorException(code: 64): Illegal offset type at /Users/mkkn/work/chatbox.lab/twibot/modules/laravel-swagger/tests/Examples/PetsAction.php:57)
[stacktrace]
#0 /Users/mkkn/work/chatbox.lab/twibot/modules/laravel-swagger/vendor/laravel/lumen-framework/src/Concerns/RegistersExceptionHandlers.php(54): Laravel\\Lumen\\Application->handleShutdown()
#1 [internal function]: Laravel\\Lumen\\Application->Laravel\\Lumen\\Concerns\\{closure}()
#2 {main}
"} 
[2018-03-12 08:22:45] production.ERROR: Symfony\Component\Debug\Exception\FatalThrowableError: Return value of Chatbox\LaravelSwagger\Values\Swagger\v3\Schema\StringSchema::value() must be an object, array returned in /Users/mkkn/work/chatbox.lab/twibot/modules/laravel-swagger/src/Values/Swagger/v3/Schema/StringSchema.php:20
Stack trace:
#0 /Users/mkkn/work/chatbox.lab/twibot/modules/laravel-swagger/src/Values/Swagger/v3/Schema.php(30): Chatbox\LaravelSwagger\Values\Swagger\v3\Schema\StringSchema->value()
#1 [internal function]: Chatbox\LaravelSwagger\Values\Swagger\v3\Schema->jsonSerialize()
#2 /Users/mkkn/work/chatbox.lab/twibot/modules/laravel-swagger/src/Service/SwaggerGenerator.php(40): json_encode(Array)
#3 /Users/mkkn/work/chatbox.lab/twibot/modules/laravel-swagger/src/Commands/SwaggerGen.php(24): Chatbox\LaravelSwagger\Service\SwaggerGenerator->generate()
#4 [internal function]: Chatbox\LaravelSwagger\Commands\SwaggerGen->handle(Object(Chatbox\LaravelSwagger\Service\SwaggerGenerator))
#5 /Users/mkkn/work/chatbox.lab/twibot/modules/laravel-swagger/vendor/illuminate/container/BoundMethod.php(29): call_user_func_array(Array, Array)
#6 /Users/mkkn/work/chatbox.lab/twibot/modules/laravel-swagger/vendor/illuminate/container/BoundMethod.php(87): Illuminate\Container\BoundMethod::Illuminate\Container\{closure}()
#7 /Users/mkkn/work/chatbox.lab/twibot/modules/laravel-swagger/vendor/illuminate/container/BoundMethod.php(31): Illuminate\Container\BoundMethod::callBoundMethod(Object(Laravel\Lumen\Application), Array, Object(Closure))
#8 /Users/mkkn/work/chatbox.lab/twibot/modules/laravel-swagger/vendor/illuminate/container/Container.php(564): Illuminate\Container\BoundMethod::call(Object(Laravel\Lumen\Application), Array, Array, NULL)
#9 /Users/mkkn/work/chatbox.lab/twibot/modules/laravel-swagger/vendor/illuminate/console/Command.php(183): Illuminate\Container\Container->call(Array)
#10 /Users/mkkn/work/chatbox.lab/twibot/modules/laravel-swagger/vendor/symfony/console/Command/Command.php(252): Illuminate\Console\Command->execute(Object(Symfony\Component\Console\Input\ArgvInput), Object(Illuminate\Console\OutputStyle))
#11 /Users/mkkn/work/chatbox.lab/twibot/modules/laravel-swagger/vendor/illuminate/console/Command.php(170): Symfony\Component\Console\Command\Command->run(Object(Symfony\Component\Console\Input\ArgvInput), Object(Illuminate\Console\OutputStyle))
#12 /Users/mkkn/work/chatbox.lab/twibot/modules/laravel-swagger/vendor/symfony/console/Application.php(886): Illuminate\Console\Command->run(Object(Symfony\Component\Console\Input\ArgvInput), Object(Symfony\Component\Console\Output\ConsoleOutput))
#13 /Users/mkkn/work/chatbox.lab/twibot/modules/laravel-swagger/vendor/symfony/console/Application.php(262): Symfony\Component\Console\Application->doRunCommand(Object(Chatbox\LaravelSwagger\Commands\SwaggerGen), Object(Symfony\Component\Console\Input\ArgvInput), Object(Symfony\Component\Console\Output\ConsoleOutput))
#14 /Users/mkkn/work/chatbox.lab/twibot/modules/laravel-swagger/vendor/symfony/console/Application.php(145): Symfony\Component\Console\Application->doRun(Object(Symfony\Component\Console\Input\ArgvInput), Object(Symfony\Component\Console\Output\ConsoleOutput))
#15 /Users/mkkn/work/chatbox.lab/twibot/modules/laravel-swagger/vendor/illuminate/console/Application.php(88): Symfony\Component\Console\Application->run(Object(Symfony\Component\Console\Input\ArgvInput), Object(Symfony\Component\Console\Output\ConsoleOutput))
#16 /Users/mkkn/work/chatbox.lab/twibot/modules/laravel-swagger/vendor/laravel/lumen-framework/src/Console/Kernel.php(86): Illuminate\Console\Application->run(Object(Symfony\Component\Console\Input\ArgvInput), Object(Symfony\Component\Console\Output\ConsoleOutput))
#17 /Users/mkkn/work/chatbox.lab/twibot/modules/laravel-swagger/artisan(35): Laravel\Lumen\Console\Kernel->handle(Object(Symfony\Component\Console\Input\ArgvInput), Object(Symfony\Component\Console\Output\ConsoleOutput))
#18 {main} {"exception":"[object] (Symfony\\Component\\Debug\\Exception\\FatalThrowableError(code: 0): Return value of Chatbox\\LaravelSwagger\\Values\\Swagger\\v3\\Schema\\StringSchema::value() must be an object, array returned at /Users/mkkn/work/chatbox.lab/twibot/modules/laravel-swagger/src/Values/Swagger/v3/Schema/StringSchema.php:20)
[stacktrace]
#0 /Users/mkkn/work/chatbox.lab/twibot/modules/laravel-swagger/src/Values/Swagger/v3/Schema.php(30): Chatbox\\LaravelSwagger\\Values\\Swagger\\v3\\Schema\\StringSchema->value()
#1 [internal function]: Chatbox\\LaravelSwagger\\Values\\Swagger\\v3\\Schema->jsonSerialize()
#2 /Users/mkkn/work/chatbox.lab/twibot/modules/laravel-swagger/src/Service/SwaggerGenerator.php(40): json_encode(Array)
#3 /Users/mkkn/work/chatbox.lab/twibot/modules/laravel-swagger/src/Commands/SwaggerGen.php(24): Chatbox\\LaravelSwagger\\Service\\SwaggerGenerator->generate()
#4 [internal function]: Chatbox\\LaravelSwagger\\Commands\\SwaggerGen->handle(Object(Chatbox\\LaravelSwagger\\Service\\SwaggerGenerator))
#5 /Users/mkkn/work/chatbox.lab/twibot/modules/laravel-swagger/vendor/illuminate/container/BoundMethod.php(29): call_user_func_array(Array, Array)
#6 /Users/mkkn/work/chatbox.lab/twibot/modules/laravel-swagger/vendor/illuminate/container/BoundMethod.php(87): Illuminate\\Container\\BoundMethod::Illuminate\\Container\\{closure}()
#7 /Users/mkkn/work/chatbox.lab/twibot/modules/laravel-swagger/vendor/illuminate/container/BoundMethod.php(31): Illuminate\\Container\\BoundMethod::callBoundMethod(Object(Laravel\\Lumen\\Application), Array, Object(Closure))
#8 /Users/mkkn/work/chatbox.lab/twibot/modules/laravel-swagger/vendor/illuminate/container/Container.php(564): Illuminate\\Container\\BoundMethod::call(Object(Laravel\\Lumen\\Application), Array, Array, NULL)
#9 /Users/mkkn/work/chatbox.lab/twibot/modules/laravel-swagger/vendor/illuminate/console/Command.php(183): Illuminate\\Container\\Container->call(Array)
#10 /Users/mkkn/work/chatbox.lab/twibot/modules/laravel-swagger/vendor/symfony/console/Command/Command.php(252): Illuminate\\Console\\Command->execute(Object(Symfony\\Component\\Console\\Input\\ArgvInput), Object(Illuminate\\Console\\OutputStyle))
#11 /Users/mkkn/work/chatbox.lab/twibot/modules/laravel-swagger/vendor/illuminate/console/Command.php(170): Symfony\\Component\\Console\\Command\\Command->run(Object(Symfony\\Component\\Console\\Input\\ArgvInput), Object(Illuminate\\Console\\OutputStyle))
#12 /Users/mkkn/work/chatbox.lab/twibot/modules/laravel-swagger/vendor/symfony/console/Application.php(886): Illuminate\\Console\\Command->run(Object(Symfony\\Component\\Console\\Input\\ArgvInput), Object(Symfony\\Component\\Console\\Output\\ConsoleOutput))
#13 /Users/mkkn/work/chatbox.lab/twibot/modules/laravel-swagger/vendor/symfony/console/Application.php(262): Symfony\\Component\\Console\\Application->doRunCommand(Object(Chatbox\\LaravelSwagger\\Commands\\SwaggerGen), Object(Symfony\\Component\\Console\\Input\\ArgvInput), Object(Symfony\\Component\\Console\\Output\\ConsoleOutput))
#14 /Users/mkkn/work/chatbox.lab/twibot/modules/laravel-swagger/vendor/symfony/console/Application.php(145): Symfony\\Component\\Console\\Application->doRun(Object(Symfony\\Component\\Console\\Input\\ArgvInput), Object(Symfony\\Component\\Console\\Output\\ConsoleOutput))
#15 /Users/mkkn/work/chatbox.lab/twibot/modules/laravel-swagger/vendor/illuminate/console/Application.php(88): Symfony\\Component\\Console\\Application->run(Object(Symfony\\Component\\Console\\Input\\ArgvInput), Object(Symfony\\Component\\Console\\Output\\ConsoleOutput))
#16 /Users/mkkn/work/chatbox.lab/twibot/modules/laravel-swagger/vendor/laravel/lumen-framework/src/Console/Kernel.php(86): Illuminate\\Console\\Application->run(Object(Symfony\\Component\\Console\\Input\\ArgvInput), Object(Symfony\\Component\\Console\\Output\\ConsoleOutput))
#17 /Users/mkkn/work/chatbox.lab/twibot/modules/laravel-swagger/artisan(35): Laravel\\Lumen\\Console\\Kernel->handle(Object(Symfony\\Component\\Console\\Input\\ArgvInput), Object(Symfony\\Component\\Console\\Output\\ConsoleOutput))
#18 {main}
"} 
